<?xml version="1.0" encoding="UTF-8"?>
<!-- Generated by org.testng.reporters.JUnitXMLReporter -->
<testsuite hostname="asda1713po02529" ignored="0" name="test" tests="3" failures="0" timestamp="11 Jul 2017 13:20:06 GMT" time="26.082" errors="0">
  <testcase name="openbrowser" time="11.515" classname="FirstProject.Myngconnect.OpenBrowserTest"/>
  <testcase name="loginTest" time="9.463" classname="FirstProject.Myngconnect.LoginTest"/>
  <testcase name="logout" time="5.077" classname="FirstProject.Myngconnect.LoginTest"/>
</testsuite> <!-- test -->
