<?xml version="1.0" encoding="UTF-8"?>
<testng-results skipped="0" failed="0" ignored="0" total="3" passed="3">
  <reporter-output>
  </reporter-output>
  <suite name="suite1" duration-ms="26082" started-at="2017-07-11T13:19:40Z" finished-at="2017-07-11T13:20:06Z">
    <groups>
    </groups>
    <test name="test" duration-ms="26082" started-at="2017-07-11T13:19:40Z" finished-at="2017-07-11T13:20:06Z">
      <class name="FirstProject.Myngconnect.LoginTest">
        <test-method status="PASS" signature="loginTest()[pri:1, instance:FirstProject.Myngconnect.LoginTest@6a4f787b]" name="loginTest" duration-ms="9463" started-at="2017-07-11T18:49:52Z" finished-at="2017-07-11T18:50:01Z">
          <reporter-output>
          </reporter-output>
        </test-method> <!-- loginTest -->
        <test-method status="PASS" signature="logout()[pri:2, instance:FirstProject.Myngconnect.LoginTest@6a4f787b]" name="logout" duration-ms="5077" started-at="2017-07-11T18:50:01Z" finished-at="2017-07-11T18:50:06Z">
          <reporter-output>
          </reporter-output>
        </test-method> <!-- logout -->
      </class> <!-- FirstProject.Myngconnect.LoginTest -->
      <class name="FirstProject.Myngconnect.OpenBrowserTest">
        <test-method status="PASS" signature="openbrowser()[pri:0, instance:FirstProject.Myngconnect.OpenBrowserTest@5c3bd550]" name="openbrowser" duration-ms="11515" started-at="2017-07-11T18:49:40Z" finished-at="2017-07-11T18:49:52Z">
          <reporter-output>
          </reporter-output>
        </test-method> <!-- openbrowser -->
      </class> <!-- FirstProject.Myngconnect.OpenBrowserTest -->
    </test> <!-- test -->
  </suite> <!-- suite1 -->
</testng-results>
